20-Mar-2019 21:26:34.574 INFORMAÇÕES [main] org.apache.catalina.core.ApplicationContext.log ContextListener: contextInitialized()
20-Mar-2019 21:26:34.575 INFORMAÇÕES [main] org.apache.catalina.core.ApplicationContext.log SessionListener: contextInitialized()
20-Mar-2019 21:26:34.603 INFORMAÇÕES [main] org.apache.catalina.core.ApplicationContext.log ContextListener: attributeAdded('StockTicker', 'async.Stockticker@69637b10')
20-Mar-2019 21:27:08.358 GRAVE [http-nio-8080-exec-8] org.apache.catalina.core.StandardWrapperValve.invoke Servlet.service() for servlet [jsp] in context with path [] threw exception [Unable to compile class for JSP: 

An error occurred at line: [251] in the generated java file: [C:\Users\Lucas Ribeiro\Desktop\JavaCrud\apache-tomcat-9.0.14\work\Catalina\localhost\ROOT\org\apache\jsp\jsp\index_jsp.java]
Syntax error, insert "else Statement" to complete IfStatement

An error occurred at line: [251] in the generated java file: [C:\Users\Lucas Ribeiro\Desktop\JavaCrud\apache-tomcat-9.0.14\work\Catalina\localhost\ROOT\org\apache\jsp\jsp\index_jsp.java]
Syntax error, insert "}" to complete Block

An error occurred at line: [268] in the generated java file: [C:\Users\Lucas Ribeiro\Desktop\JavaCrud\apache-tomcat-9.0.14\work\Catalina\localhost\ROOT\org\apache\jsp\jsp\index_jsp.java]
Syntax error on token "}", delete this token

An error occurred at line: [269] in the generated java file: [C:\Users\Lucas Ribeiro\Desktop\JavaCrud\apache-tomcat-9.0.14\work\Catalina\localhost\ROOT\org\apache\jsp\jsp\index_jsp.java]
Syntax error, insert "}" to complete ClassBody

Stacktrace:] with root cause
 org.apache.jasper.JasperException: Unable to compile class for JSP: 

An error occurred at line: [251] in the generated java file: [C:\Users\Lucas Ribeiro\Desktop\JavaCrud\apache-tomcat-9.0.14\work\Catalina\localhost\ROOT\org\apache\jsp\jsp\index_jsp.java]
Syntax error, insert "else Statement" to complete IfStatement

An error occurred at line: [251] in the generated java file: [C:\Users\Lucas Ribeiro\Desktop\JavaCrud\apache-tomcat-9.0.14\work\Catalina\localhost\ROOT\org\apache\jsp\jsp\index_jsp.java]
Syntax error, insert "}" to complete Block

An error occurred at line: [268] in the generated java file: [C:\Users\Lucas Ribeiro\Desktop\JavaCrud\apache-tomcat-9.0.14\work\Catalina\localhost\ROOT\org\apache\jsp\jsp\index_jsp.java]
Syntax error on token "}", delete this token

An error occurred at line: [269] in the generated java file: [C:\Users\Lucas Ribeiro\Desktop\JavaCrud\apache-tomcat-9.0.14\work\Catalina\localhost\ROOT\org\apache\jsp\jsp\index_jsp.java]
Syntax error, insert "}" to complete ClassBody

Stacktrace:
	at org.apache.jasper.compiler.DefaultErrorHandler.javacError(DefaultErrorHandler.java:103)
	at org.apache.jasper.compiler.ErrorDispatcher.javacError(ErrorDispatcher.java:213)
	at org.apache.jasper.compiler.JDTCompiler.generateClass(JDTCompiler.java:473)
	at org.apache.jasper.compiler.Compiler.compile(Compiler.java:392)
	at org.apache.jasper.compiler.Compiler.compile(Compiler.java:362)
	at org.apache.jasper.compiler.Compiler.compile(Compiler.java:346)
	at org.apache.jasper.JspCompilationContext.compile(JspCompilationContext.java:603)
	at org.apache.jasper.servlet.JspServletWrapper.service(JspServletWrapper.java:399)
	at org.apache.jasper.servlet.JspServlet.serviceJspFile(JspServlet.java:386)
	at org.apache.jasper.servlet.JspServlet.service(JspServlet.java:330)
	at javax.servlet.http.HttpServlet.service(HttpServlet.java:741)
	at org.apache.catalina.core.ApplicationFilterChain.internalDoFilter(ApplicationFilterChain.java:231)
	at org.apache.catalina.core.ApplicationFilterChain.doFilter(ApplicationFilterChain.java:166)
	at org.apache.tomcat.websocket.server.WsFilter.doFilter(WsFilter.java:53)
	at org.apache.catalina.core.ApplicationFilterChain.internalDoFilter(ApplicationFilterChain.java:193)
	at org.apache.catalina.core.ApplicationFilterChain.doFilter(ApplicationFilterChain.java:166)
	at org.apache.catalina.core.StandardWrapperValve.invoke(StandardWrapperValve.java:199)
	at org.apache.catalina.core.StandardContextValve.invoke(StandardContextValve.java:96)
	at org.apache.catalina.authenticator.AuthenticatorBase.invoke(AuthenticatorBase.java:490)
	at org.apache.catalina.core.StandardHostValve.invoke(StandardHostValve.java:139)
	at org.apache.catalina.valves.ErrorReportValve.invoke(ErrorReportValve.java:92)
	at org.apache.catalina.valves.AbstractAccessLogValve.invoke(AbstractAccessLogValve.java:668)
	at org.apache.catalina.core.StandardEngineValve.invoke(StandardEngineValve.java:74)
	at org.apache.catalina.connector.CoyoteAdapter.service(CoyoteAdapter.java:343)
	at org.apache.coyote.http11.Http11Processor.service(Http11Processor.java:408)
	at org.apache.coyote.AbstractProcessorLight.process(AbstractProcessorLight.java:66)
	at org.apache.coyote.AbstractProtocol$ConnectionHandler.process(AbstractProtocol.java:834)
	at org.apache.tomcat.util.net.NioEndpoint$SocketProcessor.doRun(NioEndpoint.java:1417)
	at org.apache.tomcat.util.net.SocketProcessorBase.run(SocketProcessorBase.java:49)
	at java.util.concurrent.ThreadPoolExecutor.runWorker(ThreadPoolExecutor.java:1149)
	at java.util.concurrent.ThreadPoolExecutor$Worker.run(ThreadPoolExecutor.java:624)
	at org.apache.tomcat.util.threads.TaskThread$WrappingRunnable.run(TaskThread.java:61)
	at java.lang.Thread.run(Thread.java:748)

20-Mar-2019 21:30:44.072 INFORMAÇÕES [main] org.apache.catalina.core.ApplicationContext.log SessionListener: contextDestroyed()
20-Mar-2019 21:30:44.072 INFORMAÇÕES [main] org.apache.catalina.core.ApplicationContext.log ContextListener: contextDestroyed()
20-Mar-2019 21:31:04.358 INFORMAÇÕES [main] org.apache.catalina.core.ApplicationContext.log ContextListener: contextInitialized()
20-Mar-2019 21:31:04.358 INFORMAÇÕES [main] org.apache.catalina.core.ApplicationContext.log SessionListener: contextInitialized()
20-Mar-2019 21:31:04.362 INFORMAÇÕES [main] org.apache.catalina.core.ApplicationContext.log ContextListener: attributeAdded('StockTicker', 'async.Stockticker@549621f3')
20-Mar-2019 21:31:11.126 GRAVE [http-nio-8080-exec-1] org.apache.catalina.core.StandardWrapperValve.invoke Servlet.service() for servlet [jsp] in context with path [] threw exception [Unable to compile class for JSP: 

An error occurred at line: [251] in the generated java file: [C:\Users\Lucas Ribeiro\Desktop\JavaCrud\apache-tomcat-9.0.14\work\Catalina\localhost\ROOT\org\apache\jsp\jsp\index_jsp.java]
Syntax error, insert "else Statement" to complete IfStatement

An error occurred at line: [251] in the generated java file: [C:\Users\Lucas Ribeiro\Desktop\JavaCrud\apache-tomcat-9.0.14\work\Catalina\localhost\ROOT\org\apache\jsp\jsp\index_jsp.java]
Syntax error, insert "}" to complete Block

An error occurred at line: [268] in the generated java file: [C:\Users\Lucas Ribeiro\Desktop\JavaCrud\apache-tomcat-9.0.14\work\Catalina\localhost\ROOT\org\apache\jsp\jsp\index_jsp.java]
Syntax error on token "}", delete this token

An error occurred at line: [269] in the generated java file: [C:\Users\Lucas Ribeiro\Desktop\JavaCrud\apache-tomcat-9.0.14\work\Catalina\localhost\ROOT\org\apache\jsp\jsp\index_jsp.java]
Syntax error, insert "}" to complete ClassBody

Stacktrace:] with root cause
 org.apache.jasper.JasperException: Unable to compile class for JSP: 

An error occurred at line: [251] in the generated java file: [C:\Users\Lucas Ribeiro\Desktop\JavaCrud\apache-tomcat-9.0.14\work\Catalina\localhost\ROOT\org\apache\jsp\jsp\index_jsp.java]
Syntax error, insert "else Statement" to complete IfStatement

An error occurred at line: [251] in the generated java file: [C:\Users\Lucas Ribeiro\Desktop\JavaCrud\apache-tomcat-9.0.14\work\Catalina\localhost\ROOT\org\apache\jsp\jsp\index_jsp.java]
Syntax error, insert "}" to complete Block

An error occurred at line: [268] in the generated java file: [C:\Users\Lucas Ribeiro\Desktop\JavaCrud\apache-tomcat-9.0.14\work\Catalina\localhost\ROOT\org\apache\jsp\jsp\index_jsp.java]
Syntax error on token "}", delete this token

An error occurred at line: [269] in the generated java file: [C:\Users\Lucas Ribeiro\Desktop\JavaCrud\apache-tomcat-9.0.14\work\Catalina\localhost\ROOT\org\apache\jsp\jsp\index_jsp.java]
Syntax error, insert "}" to complete ClassBody

Stacktrace:
	at org.apache.jasper.compiler.DefaultErrorHandler.javacError(DefaultErrorHandler.java:103)
	at org.apache.jasper.compiler.ErrorDispatcher.javacError(ErrorDispatcher.java:213)
	at org.apache.jasper.compiler.JDTCompiler.generateClass(JDTCompiler.java:473)
	at org.apache.jasper.compiler.Compiler.compile(Compiler.java:392)
	at org.apache.jasper.compiler.Compiler.compile(Compiler.java:362)
	at org.apache.jasper.compiler.Compiler.compile(Compiler.java:346)
	at org.apache.jasper.JspCompilationContext.compile(JspCompilationContext.java:603)
	at org.apache.jasper.servlet.JspServletWrapper.service(JspServletWrapper.java:399)
	at org.apache.jasper.servlet.JspServlet.serviceJspFile(JspServlet.java:386)
	at org.apache.jasper.servlet.JspServlet.service(JspServlet.java:330)
	at javax.servlet.http.HttpServlet.service(HttpServlet.java:741)
	at org.apache.catalina.core.ApplicationFilterChain.internalDoFilter(ApplicationFilterChain.java:231)
	at org.apache.catalina.core.ApplicationFilterChain.doFilter(ApplicationFilterChain.java:166)
	at org.apache.tomcat.websocket.server.WsFilter.doFilter(WsFilter.java:53)
	at org.apache.catalina.core.ApplicationFilterChain.internalDoFilter(ApplicationFilterChain.java:193)
	at org.apache.catalina.core.ApplicationFilterChain.doFilter(ApplicationFilterChain.java:166)
	at org.apache.catalina.core.StandardWrapperValve.invoke(StandardWrapperValve.java:199)
	at org.apache.catalina.core.StandardContextValve.invoke(StandardContextValve.java:96)
	at org.apache.catalina.authenticator.AuthenticatorBase.invoke(AuthenticatorBase.java:490)
	at org.apache.catalina.core.StandardHostValve.invoke(StandardHostValve.java:139)
	at org.apache.catalina.valves.ErrorReportValve.invoke(ErrorReportValve.java:92)
	at org.apache.catalina.valves.AbstractAccessLogValve.invoke(AbstractAccessLogValve.java:668)
	at org.apache.catalina.core.StandardEngineValve.invoke(StandardEngineValve.java:74)
	at org.apache.catalina.connector.CoyoteAdapter.service(CoyoteAdapter.java:343)
	at org.apache.coyote.http11.Http11Processor.service(Http11Processor.java:408)
	at org.apache.coyote.AbstractProcessorLight.process(AbstractProcessorLight.java:66)
	at org.apache.coyote.AbstractProtocol$ConnectionHandler.process(AbstractProtocol.java:834)
	at org.apache.tomcat.util.net.NioEndpoint$SocketProcessor.doRun(NioEndpoint.java:1417)
	at org.apache.tomcat.util.net.SocketProcessorBase.run(SocketProcessorBase.java:49)
	at java.util.concurrent.ThreadPoolExecutor.runWorker(ThreadPoolExecutor.java:1149)
	at java.util.concurrent.ThreadPoolExecutor$Worker.run(ThreadPoolExecutor.java:624)
	at org.apache.tomcat.util.threads.TaskThread$WrappingRunnable.run(TaskThread.java:61)
	at java.lang.Thread.run(Thread.java:748)

20-Mar-2019 21:31:40.005 INFORMAÇÕES [main] org.apache.catalina.core.ApplicationContext.log SessionListener: contextDestroyed()
20-Mar-2019 21:31:40.010 INFORMAÇÕES [main] org.apache.catalina.core.ApplicationContext.log ContextListener: contextDestroyed()
20-Mar-2019 21:34:32.746 INFORMAÇÕES [main] org.apache.catalina.core.ApplicationContext.log ContextListener: contextInitialized()
20-Mar-2019 21:34:32.782 INFORMAÇÕES [main] org.apache.catalina.core.ApplicationContext.log SessionListener: contextInitialized()
20-Mar-2019 21:34:32.787 INFORMAÇÕES [main] org.apache.catalina.core.ApplicationContext.log ContextListener: attributeAdded('StockTicker', 'async.Stockticker@549621f3')
20-Mar-2019 21:34:40.619 GRAVE [http-nio-8080-exec-7] org.apache.catalina.core.StandardWrapperValve.invoke Servlet.service() for servlet [jsp] in context with path [] threw exception [Unable to compile class for JSP: 

An error occurred at line: [251] in the generated java file: [C:\Users\Lucas Ribeiro\Desktop\JavaCrud\apache-tomcat-9.0.14\work\Catalina\localhost\ROOT\org\apache\jsp\jsp\index_jsp.java]
Syntax error, insert "else Statement" to complete IfStatement

An error occurred at line: [251] in the generated java file: [C:\Users\Lucas Ribeiro\Desktop\JavaCrud\apache-tomcat-9.0.14\work\Catalina\localhost\ROOT\org\apache\jsp\jsp\index_jsp.java]
Syntax error, insert "}" to complete Block

An error occurred at line: [268] in the generated java file: [C:\Users\Lucas Ribeiro\Desktop\JavaCrud\apache-tomcat-9.0.14\work\Catalina\localhost\ROOT\org\apache\jsp\jsp\index_jsp.java]
Syntax error on token "}", delete this token

An error occurred at line: [269] in the generated java file: [C:\Users\Lucas Ribeiro\Desktop\JavaCrud\apache-tomcat-9.0.14\work\Catalina\localhost\ROOT\org\apache\jsp\jsp\index_jsp.java]
Syntax error, insert "}" to complete ClassBody

Stacktrace:] with root cause
 org.apache.jasper.JasperException: Unable to compile class for JSP: 

An error occurred at line: [251] in the generated java file: [C:\Users\Lucas Ribeiro\Desktop\JavaCrud\apache-tomcat-9.0.14\work\Catalina\localhost\ROOT\org\apache\jsp\jsp\index_jsp.java]
Syntax error, insert "else Statement" to complete IfStatement

An error occurred at line: [251] in the generated java file: [C:\Users\Lucas Ribeiro\Desktop\JavaCrud\apache-tomcat-9.0.14\work\Catalina\localhost\ROOT\org\apache\jsp\jsp\index_jsp.java]
Syntax error, insert "}" to complete Block

An error occurred at line: [268] in the generated java file: [C:\Users\Lucas Ribeiro\Desktop\JavaCrud\apache-tomcat-9.0.14\work\Catalina\localhost\ROOT\org\apache\jsp\jsp\index_jsp.java]
Syntax error on token "}", delete this token

An error occurred at line: [269] in the generated java file: [C:\Users\Lucas Ribeiro\Desktop\JavaCrud\apache-tomcat-9.0.14\work\Catalina\localhost\ROOT\org\apache\jsp\jsp\index_jsp.java]
Syntax error, insert "}" to complete ClassBody

Stacktrace:
	at org.apache.jasper.compiler.DefaultErrorHandler.javacError(DefaultErrorHandler.java:103)
	at org.apache.jasper.compiler.ErrorDispatcher.javacError(ErrorDispatcher.java:213)
	at org.apache.jasper.compiler.JDTCompiler.generateClass(JDTCompiler.java:473)
	at org.apache.jasper.compiler.Compiler.compile(Compiler.java:392)
	at org.apache.jasper.compiler.Compiler.compile(Compiler.java:362)
	at org.apache.jasper.compiler.Compiler.compile(Compiler.java:346)
	at org.apache.jasper.JspCompilationContext.compile(JspCompilationContext.java:603)
	at org.apache.jasper.servlet.JspServletWrapper.service(JspServletWrapper.java:399)
	at org.apache.jasper.servlet.JspServlet.serviceJspFile(JspServlet.java:386)
	at org.apache.jasper.servlet.JspServlet.service(JspServlet.java:330)
	at javax.servlet.http.HttpServlet.service(HttpServlet.java:741)
	at org.apache.catalina.core.ApplicationFilterChain.internalDoFilter(ApplicationFilterChain.java:231)
	at org.apache.catalina.core.ApplicationFilterChain.doFilter(ApplicationFilterChain.java:166)
	at org.apache.tomcat.websocket.server.WsFilter.doFilter(WsFilter.java:53)
	at org.apache.catalina.core.ApplicationFilterChain.internalDoFilter(ApplicationFilterChain.java:193)
	at org.apache.catalina.core.ApplicationFilterChain.doFilter(ApplicationFilterChain.java:166)
	at org.apache.catalina.core.StandardWrapperValve.invoke(StandardWrapperValve.java:199)
	at org.apache.catalina.core.StandardContextValve.invoke(StandardContextValve.java:96)
	at org.apache.catalina.authenticator.AuthenticatorBase.invoke(AuthenticatorBase.java:490)
	at org.apache.catalina.core.StandardHostValve.invoke(StandardHostValve.java:139)
	at org.apache.catalina.valves.ErrorReportValve.invoke(ErrorReportValve.java:92)
	at org.apache.catalina.valves.AbstractAccessLogValve.invoke(AbstractAccessLogValve.java:668)
	at org.apache.catalina.core.StandardEngineValve.invoke(StandardEngineValve.java:74)
	at org.apache.catalina.connector.CoyoteAdapter.service(CoyoteAdapter.java:343)
	at org.apache.coyote.http11.Http11Processor.service(Http11Processor.java:408)
	at org.apache.coyote.AbstractProcessorLight.process(AbstractProcessorLight.java:66)
	at org.apache.coyote.AbstractProtocol$ConnectionHandler.process(AbstractProtocol.java:834)
	at org.apache.tomcat.util.net.NioEndpoint$SocketProcessor.doRun(NioEndpoint.java:1417)
	at org.apache.tomcat.util.net.SocketProcessorBase.run(SocketProcessorBase.java:49)
	at java.util.concurrent.ThreadPoolExecutor.runWorker(ThreadPoolExecutor.java:1149)
	at java.util.concurrent.ThreadPoolExecutor$Worker.run(ThreadPoolExecutor.java:624)
	at org.apache.tomcat.util.threads.TaskThread$WrappingRunnable.run(TaskThread.java:61)
	at java.lang.Thread.run(Thread.java:748)

20-Mar-2019 21:38:09.085 GRAVE [http-nio-8080-exec-14] org.apache.catalina.core.StandardWrapperValve.invoke Servlet.service() for servlet [jsp] in context with path [] threw exception [Unable to compile class for JSP: 

An error occurred at line: [253] in the generated java file: [C:\Users\Lucas Ribeiro\Desktop\JavaCrud\apache-tomcat-9.0.14\work\Catalina\localhost\ROOT\org\apache\jsp\jsp\index_jsp.java]
Syntax error, insert "else Statement" to complete IfStatement

An error occurred at line: [253] in the generated java file: [C:\Users\Lucas Ribeiro\Desktop\JavaCrud\apache-tomcat-9.0.14\work\Catalina\localhost\ROOT\org\apache\jsp\jsp\index_jsp.java]
Syntax error, insert "}" to complete Block

An error occurred at line: [270] in the generated java file: [C:\Users\Lucas Ribeiro\Desktop\JavaCrud\apache-tomcat-9.0.14\work\Catalina\localhost\ROOT\org\apache\jsp\jsp\index_jsp.java]
Syntax error on token "}", delete this token

An error occurred at line: [271] in the generated java file: [C:\Users\Lucas Ribeiro\Desktop\JavaCrud\apache-tomcat-9.0.14\work\Catalina\localhost\ROOT\org\apache\jsp\jsp\index_jsp.java]
Syntax error, insert "}" to complete ClassBody

Stacktrace:] with root cause
 org.apache.jasper.JasperException: Unable to compile class for JSP: 

An error occurred at line: [253] in the generated java file: [C:\Users\Lucas Ribeiro\Desktop\JavaCrud\apache-tomcat-9.0.14\work\Catalina\localhost\ROOT\org\apache\jsp\jsp\index_jsp.java]
Syntax error, insert "else Statement" to complete IfStatement

An error occurred at line: [253] in the generated java file: [C:\Users\Lucas Ribeiro\Desktop\JavaCrud\apache-tomcat-9.0.14\work\Catalina\localhost\ROOT\org\apache\jsp\jsp\index_jsp.java]
Syntax error, insert "}" to complete Block

An error occurred at line: [270] in the generated java file: [C:\Users\Lucas Ribeiro\Desktop\JavaCrud\apache-tomcat-9.0.14\work\Catalina\localhost\ROOT\org\apache\jsp\jsp\index_jsp.java]
Syntax error on token "}", delete this token

An error occurred at line: [271] in the generated java file: [C:\Users\Lucas Ribeiro\Desktop\JavaCrud\apache-tomcat-9.0.14\work\Catalina\localhost\ROOT\org\apache\jsp\jsp\index_jsp.java]
Syntax error, insert "}" to complete ClassBody

Stacktrace:
	at org.apache.jasper.compiler.DefaultErrorHandler.javacError(DefaultErrorHandler.java:103)
	at org.apache.jasper.compiler.ErrorDispatcher.javacError(ErrorDispatcher.java:213)
	at org.apache.jasper.compiler.JDTCompiler.generateClass(JDTCompiler.java:473)
	at org.apache.jasper.compiler.Compiler.compile(Compiler.java:392)
	at org.apache.jasper.compiler.Compiler.compile(Compiler.java:362)
	at org.apache.jasper.compiler.Compiler.compile(Compiler.java:346)
	at org.apache.jasper.JspCompilationContext.compile(JspCompilationContext.java:603)
	at org.apache.jasper.servlet.JspServletWrapper.service(JspServletWrapper.java:399)
	at org.apache.jasper.servlet.JspServlet.serviceJspFile(JspServlet.java:386)
	at org.apache.jasper.servlet.JspServlet.service(JspServlet.java:330)
	at javax.servlet.http.HttpServlet.service(HttpServlet.java:741)
	at org.apache.catalina.core.ApplicationFilterChain.internalDoFilter(ApplicationFilterChain.java:231)
	at org.apache.catalina.core.ApplicationFilterChain.doFilter(ApplicationFilterChain.java:166)
	at org.apache.tomcat.websocket.server.WsFilter.doFilter(WsFilter.java:53)
	at org.apache.catalina.core.ApplicationFilterChain.internalDoFilter(ApplicationFilterChain.java:193)
	at org.apache.catalina.core.ApplicationFilterChain.doFilter(ApplicationFilterChain.java:166)
	at org.apache.catalina.core.StandardWrapperValve.invoke(StandardWrapperValve.java:199)
	at org.apache.catalina.core.StandardContextValve.invoke(StandardContextValve.java:96)
	at org.apache.catalina.authenticator.AuthenticatorBase.invoke(AuthenticatorBase.java:490)
	at org.apache.catalina.core.StandardHostValve.invoke(StandardHostValve.java:139)
	at org.apache.catalina.valves.ErrorReportValve.invoke(ErrorReportValve.java:92)
	at org.apache.catalina.valves.AbstractAccessLogValve.invoke(AbstractAccessLogValve.java:668)
	at org.apache.catalina.core.StandardEngineValve.invoke(StandardEngineValve.java:74)
	at org.apache.catalina.connector.CoyoteAdapter.service(CoyoteAdapter.java:343)
	at org.apache.coyote.http11.Http11Processor.service(Http11Processor.java:408)
	at org.apache.coyote.AbstractProcessorLight.process(AbstractProcessorLight.java:66)
	at org.apache.coyote.AbstractProtocol$ConnectionHandler.process(AbstractProtocol.java:834)
	at org.apache.tomcat.util.net.NioEndpoint$SocketProcessor.doRun(NioEndpoint.java:1417)
	at org.apache.tomcat.util.net.SocketProcessorBase.run(SocketProcessorBase.java:49)
	at java.util.concurrent.ThreadPoolExecutor.runWorker(ThreadPoolExecutor.java:1149)
	at java.util.concurrent.ThreadPoolExecutor$Worker.run(ThreadPoolExecutor.java:624)
	at org.apache.tomcat.util.threads.TaskThread$WrappingRunnable.run(TaskThread.java:61)
	at java.lang.Thread.run(Thread.java:748)

20-Mar-2019 21:44:00.169 INFORMAÇÕES [main] org.apache.catalina.core.ApplicationContext.log SessionListener: contextDestroyed()
20-Mar-2019 21:44:00.169 INFORMAÇÕES [main] org.apache.catalina.core.ApplicationContext.log ContextListener: contextDestroyed()
20-Mar-2019 21:56:02.947 INFORMAÇÕES [main] org.apache.catalina.core.ApplicationContext.log ContextListener: contextInitialized()
20-Mar-2019 21:56:02.947 INFORMAÇÕES [main] org.apache.catalina.core.ApplicationContext.log SessionListener: contextInitialized()
20-Mar-2019 21:56:02.951 INFORMAÇÕES [main] org.apache.catalina.core.ApplicationContext.log ContextListener: attributeAdded('StockTicker', 'async.Stockticker@549621f3')
20-Mar-2019 22:01:04.704 INFORMAÇÕES [main] org.apache.catalina.core.ApplicationContext.log SessionListener: contextDestroyed()
20-Mar-2019 22:01:04.704 INFORMAÇÕES [main] org.apache.catalina.core.ApplicationContext.log ContextListener: contextDestroyed()
20-Mar-2019 22:13:02.171 INFORMAÇÕES [main] org.apache.catalina.core.ApplicationContext.log ContextListener: contextInitialized()
20-Mar-2019 22:13:02.171 INFORMAÇÕES [main] org.apache.catalina.core.ApplicationContext.log SessionListener: contextInitialized()
20-Mar-2019 22:13:02.177 INFORMAÇÕES [main] org.apache.catalina.core.ApplicationContext.log ContextListener: attributeAdded('StockTicker', 'async.Stockticker@209775a9')
20-Mar-2019 22:27:15.437 INFORMAÇÕES [main] org.apache.catalina.core.ApplicationContext.log SessionListener: contextDestroyed()
20-Mar-2019 22:27:15.437 INFORMAÇÕES [main] org.apache.catalina.core.ApplicationContext.log ContextListener: contextDestroyed()
20-Mar-2019 22:27:56.236 INFORMAÇÕES [main] org.apache.catalina.core.ApplicationContext.log ContextListener: contextInitialized()
20-Mar-2019 22:27:56.236 INFORMAÇÕES [main] org.apache.catalina.core.ApplicationContext.log SessionListener: contextInitialized()
20-Mar-2019 22:27:56.239 INFORMAÇÕES [main] org.apache.catalina.core.ApplicationContext.log ContextListener: attributeAdded('StockTicker', 'async.Stockticker@209775a9')
20-Mar-2019 22:29:22.587 INFORMAÇÕES [main] org.apache.catalina.core.ApplicationContext.log SessionListener: contextDestroyed()
20-Mar-2019 22:29:22.588 INFORMAÇÕES [main] org.apache.catalina.core.ApplicationContext.log ContextListener: contextDestroyed()
